[build_web] running flutter pub get...

Resolving dependencies...
Downloading packages...
  _fe_analyzer_shared 93.0.0 (100.0.0 available)
  _flutterfire_internals 1.3.66 (1.3.72 available)
  analysis_server_plugin 0.3.7 (0.3.15 available)
  analyzer 10.0.1 (13.0.0 available)
  analyzer_plugin 0.14.1 (0.14.9 available)
  async 2.13.0 (2.13.1 available)
  build 4.0.4 (4.0.6 available)
  build_config 1.2.0 (1.3.0 available)
  build_runner 2.11.1 (2.15.0 available)
  built_value 8.12.4 (8.12.6 available)
  cli_util 0.4.2 (0.5.1 available)
  code_assets 1.0.0 (1.2.1 available)
  cupertino_icons 1.0.8 (1.0.9 available)
  dart_style 3.1.7 (3.1.9 available)
  dbus 0.7.12 (0.7.13 available)
  device_info_plus 12.3.0 (13.1.0 available)
  device_info_plus_platform_interface 7.0.3 (8.1.0 available)
  dio 5.9.1 (5.9.2 available)
  dio_web_adapter 2.1.1 (2.1.2 available)
  firebase_analytics 12.1.2 (12.4.2 available)
  firebase_analytics_platform_interface 5.0.6 (6.0.2 available)
  firebase_analytics_web 0.6.1+2 (0.6.1+8 available)
  firebase_core 4.4.0 (4.10.0 available)
  firebase_core_platform_interface 6.0.2 (7.0.1 available)
  firebase_core_web 3.4.0 (3.8.0 available)
  firebase_messaging 16.1.1 (16.3.0 available)
  firebase_messaging_platform_interface 4.7.6 (4.8.0 available)
  firebase_messaging_web 4.1.2 (4.2.0 available)
  flutter_contacts 1.1.9+2 (2.2.0 available)
  flutter_map 8.2.2 (8.3.0 available)
  flutter_native_splash 2.4.7 (2.4.8 available)
  flutter_plugin_android_lifecycle 2.0.33 (2.0.34 available)
  flutter_quill 11.5.0 (11.5.1 available)
  flutter_secure_storage 10.0.0 (10.3.1 available)
  flutter_secure_storage_darwin 0.2.0 (0.3.2 available)
  flutter_secure_storage_linux 3.0.0 (3.0.1 available)
  flutter_secure_storage_web 2.1.0 (2.1.1 available)
  flutter_secure_storage_windows 4.1.0 (4.2.2 available)
  flutter_svg 2.2.3 (2.3.0 available)
  geocoding_android 4.0.1 (5.0.1 available)
  geocoding_platform_interface 3.2.0 (5.0.0 available)
  geolocator_linux 0.2.3 (0.2.4 available)
  google_fonts 6.3.3 (8.1.0 available)
  hooks 1.0.1 (2.0.1 available)
  hotreloader 4.3.0 (4.4.0 available)
  image 4.8.0 (4.9.1 available)
  image_picker 1.2.1 (1.2.2 available)
  image_picker_android 0.8.13+14 (0.8.13+17 available)
  jni 0.14.2 (1.0.0 available)
  json_annotation 4.11.0 (4.12.0 available)
  latlong2 0.9.1 (0.10.1 available)
  lean_builder 0.1.7 (0.1.10 available)
  logger 2.6.2 (2.7.0 available)
  map_launcher 4.4.3 (4.5.0 available)
  markdown 7.3.0 (7.3.1 available)
  matcher 0.12.19 (0.12.20 available)
  meta 1.17.0 (1.18.2 available)
  mgrs_dart 2.0.0 (3.0.0 available)
  mixpanel_flutter 2.5.0 (2.8.0 available)
  mockito 5.6.3 (5.7.0 available)
  native_toolchain_c 0.17.4 (0.19.1 available)
  objective_c 9.3.0 (9.4.1 available)
  package_info_plus 8.3.1 (10.1.0 available)
  package_info_plus_platform_interface 3.2.1 (4.1.0 available)
  path_provider_android 2.2.22 (2.3.1 available)
  permission_handler 12.0.1 (12.0.3 available)
  permission_handler_apple 9.4.7 (9.4.9 available)
  phone_numbers_parser 9.0.19 (9.0.23 available)
  posix 6.0.3 (6.5.0 available)
  proj4dart 2.1.0 (3.0.0 available)
  sentry 9.14.0 (9.21.0 available)
  sentry_flutter 9.14.0 (9.21.0 available)
  share_plus 12.0.1 (13.1.0 available)
  share_plus_platform_interface 6.1.0 (7.1.0 available)
  source_gen 4.2.0 (4.2.3 available)
  sqflite 2.4.2 (2.4.2+1 available)
  sqflite_android 2.4.2+2 (2.4.2+3 available)
  sqflite_common 2.5.6 (2.5.8 available)
  synchronized 3.4.0 (3.4.0+1 available)
  test_api 0.7.10 (0.7.12 available)
  unicode 0.3.1 (1.1.9 available)
  url_launcher_android 6.3.28 (6.3.30 available)
  url_launcher_web 2.4.2 (2.4.3 available)
  vector_graphics 1.1.19 (1.2.2 available)
  vector_graphics_compiler 1.2.0 (1.2.5 available)
  vector_math 2.2.0 (2.3.0 available)
  video_player 2.11.0 (2.11.1 available)
  video_player_android 2.9.4 (2.9.6 available)
  video_player_avfoundation 2.9.3 (2.9.7 available)
  video_player_platform_interface 6.6.0 (6.7.0 available)
  vm_service 15.0.2 (15.2.0 available)
  win32 5.15.0 (6.3.0 available)
  win32_registry 2.1.0 (3.0.3 available)
  xml 6.6.1 (7.0.1 available)
Got dependencies!
94 packages have newer versions incompatible with dependency constraints.
Try `flutter pub outdated` for more information.
[build_web] starting web build (lane=dev)...

Compiling lib/main.dart for the Web...                          [build_web] still compiling web bundle (30s elapsed)...
[build_web] still compiling web bundle (60s elapsed)...
[build_web] still compiling web bundle (90s elapsed)...
[build_web] still compiling web bundle (120s elapsed)...
[build_web] still compiling web bundle (150s elapsed)...
  159.8s
✓ Built ../../../../../../../tmp/tmp.fWokdWxRxz
[build_web] Flutter web bundle available at: ../web-app (lane: dev)
