
00:00 +0: loading /home/elton/Dev/repos/belluga-ecosystem/belluga_now_docker/flutter-app/test/infrastructure/dal/dao/tenant_admin/tenant_admin_events_request_encoder_test.dart
00:00 +0: /home/elton/Dev/repos/belluga-ecosystem/belluga_now_docker/flutter-app/test/infrastructure/dal/dao/tenant_admin/tenant_admin_events_request_encoder_test.dart: encodes selected related account profiles as minimal canonical event_parties payload
00:00 +1: /home/elton/Dev/repos/belluga-ecosystem/belluga_now_docker/flutter-app/test/infrastructure/dal/dao/tenant_admin/tenant_admin_events_request_encoder_test.dart: encodes profile groups and derives canonical event_parties from them
00:00 +2: /home/elton/Dev/repos/belluga-ecosystem/belluga_now_docker/flutter-app/test/infrastructure/dal/dao/tenant_admin/tenant_admin_events_request_encoder_test.dart: encodes empty canonical event_parties payload when no related account profiles are selected
00:00 +3: /home/elton/Dev/repos/belluga-ecosystem/belluga_now_docker/flutter-app/test/infrastructure/dal/dao/tenant_admin/tenant_admin_events_request_encoder_test.dart: encodes occurrence identity and explicit empty occurrence arrays for full-form clears
00:00 +4: /home/elton/Dev/repos/belluga-ecosystem/belluga_now_docker/flutter-app/test/infrastructure/dal/dao/tenant_admin/tenant_admin_events_request_encoder_test.dart: encodes occurrence-owned profiles and programação place refs
00:00 +5: /home/elton/Dev/repos/belluga-ecosystem/belluga_now_docker/flutter-app/test/infrastructure/dal/dto/schedule/event_dto_test.dart: parses agenda occurrence payload shape without throwing
00:01 +6: /home/elton/Dev/repos/belluga-ecosystem/belluga_now_docker/flutter-app/test/infrastructure/dal/dto/schedule/event_dto_test.dart: uses occurrence_id as fallback id when event_id is missing
00:01 +7: /home/elton/Dev/repos/belluga-ecosystem/belluga_now_docker/flutter-app/test/infrastructure/dal/dto/schedule/event_dto_test.dart: parses public profile groups for custom dynamic event tabs
00:01 +8: /home/elton/Dev/repos/belluga-ecosystem/belluga_now_docker/flutter-app/test/infrastructure/dal/dto/schedule/event_dto_test.dart: preserves sanitized rich html content for public event rendering
00:01 +9: /home/elton/Dev/repos/belluga-ecosystem/belluga_now_docker/flutter-app/test/infrastructure/dal/dto/schedule/event_dto_test.dart: derives latitude and longitude from location.geo when root keys are absent
00:01 +10: /home/elton/Dev/repos/belluga-ecosystem/belluga_now_docker/flutter-app/test/infrastructure/dal/dto/schedule/event_dto_test.dart: maps live_now agenda payload shape from production-compatible contract
00:01 +11: /home/elton/Dev/repos/belluga-ecosystem/belluga_now_docker/flutter-app/test/infrastructure/dal/dto/schedule/event_dto_test.dart: parses linked account profiles with taxonomy names for dynamic tabs
00:01 +12: /home/elton/Dev/repos/belluga-ecosystem/belluga_now_docker/flutter-app/test/infrastructure/dal/dto/schedule/event_dto_test.dart: falls back linked account profile taxonomy labels to value
00:01 +13: /home/elton/Dev/repos/belluga-ecosystem/belluga_now_docker/flutter-app/test/infrastructure/dal/dto/schedule/event_dto_test.dart: does not synthesize linked account profiles from artists or venue
00:01 +14: /home/elton/Dev/repos/belluga-ecosystem/belluga_now_docker/flutter-app/test/infrastructure/dal/dto/schedule/event_dto_test.dart: accepts account-profile slug aliases in linked account profiles
00:01 +15: /home/elton/Dev/repos/belluga-ecosystem/belluga_now_docker/flutter-app/test/infrastructure/dal/dto/schedule/event_dto_test.dart: throws when linked account profile slug is missing after enrichment
00:01 +16: /home/elton/Dev/repos/belluga-ecosystem/belluga_now_docker/flutter-app/test/infrastructure/dal/dto/schedule/event_dto_test.dart: parses event detail occurrences and selected programming items
00:01 +17: /home/elton/Dev/repos/belluga-ecosystem/belluga_now_docker/flutter-app/test/infrastructure/dal/dto/schedule/event_dto_test.dart: maps online occurrence location label into non-empty domain location
00:02 +18: /home/elton/Dev/repos/belluga-ecosystem/belluga_now_docker/flutter-app/test/presentation/tenant_admin/events/tenant_admin_events_controller_test.dart: deleteEvent rethrows repository errors and updates error stream
00:02 +19: /home/elton/Dev/repos/belluga-ecosystem/belluga_now_docker/flutter-app/test/presentation/tenant_admin/events/tenant_admin_events_controller_test.dart: loadEvents forwards default temporal filters to repository
00:02 +20: /home/elton/Dev/repos/belluga-ecosystem/belluga_now_docker/flutter-app/test/presentation/tenant_admin/events/tenant_admin_events_controller_test.dart: loadEvents forwards specific date, venue, and related profile filters
00:02 +21: /home/elton/Dev/repos/belluga-ecosystem/belluga_now_docker/flutter-app/test/presentation/tenant_admin/events/tenant_admin_events_controller_test.dart: loadEvents records repository errors when a filtered reload fails
00:02 +22: /home/elton/Dev/repos/belluga-ecosystem/belluga_now_docker/flutter-app/test/presentation/tenant_admin/events/tenant_admin_events_controller_test.dart: clearEventEndAt clears the optional first occurrence end date
00:02 +23: /home/elton/Dev/repos/belluga-ecosystem/belluga_now_docker/flutter-app/test/presentation/tenant_admin/events/tenant_admin_events_controller_test.dart: related account profile selection preserves order and supports reorder
00:02 +24: /home/elton/Dev/repos/belluga-ecosystem/belluga_now_docker/flutter-app/test/presentation/tenant_admin/events/tenant_admin_events_controller_test.dart: upsertOccurrence keeps occurrence programming profiles out of event-level related selection
00:02 +25: /home/elton/Dev/repos/belluga-ecosystem/belluga_now_docker/flutter-app/test/presentation/tenant_admin/events/tenant_admin_events_controller_test.dart: selectSpecificDateFilter expands temporal buckets and clearing restores defaults
00:02 +26: /home/elton/Dev/repos/belluga-ecosystem/belluga_now_docker/flutter-app/test/presentation/tenant_admin/events/tenant_admin_events_controller_test.dart: resetEventFilters clears specific date, venue, related profile, and restores default temporal selection
00:02 +27: /home/elton/Dev/repos/belluga-ecosystem/belluga_now_docker/flutter-app/test/presentation/tenant_admin/events/tenant_admin_events_controller_test.dart: toggleTemporalFilter keeps at least one bucket selected
00:02 +28: /home/elton/Dev/repos/belluga-ecosystem/belluga_now_docker/flutter-app/test/presentation/tenant_admin/events/tenant_admin_events_controller_test.dart: event type taxonomy term loading ignores stale in-flight responses after empty transition
00:02 +29: /home/elton/Dev/repos/belluga-ecosystem/belluga_now_docker/flutter-app/test/presentation/tenant_admin/events/tenant_admin_events_controller_test.dart: event type taxonomy term loading ignores stale in-flight responses after cache hit transition
00:02 +30: /home/elton/Dev/repos/belluga-ecosystem/belluga_now_docker/flutter-app/test/presentation/tenant_admin/events/tenant_admin_events_controller_test.dart: account-scoped loadFormDependencies uses dedicated event types endpoint and account-profile candidate pages
00:02 +31: /home/elton/Dev/repos/belluga-ecosystem/belluga_now_docker/flutter-app/test/presentation/tenant_admin/events/tenant_admin_events_controller_test.dart: loadFormDependencies hydrates default event type and terms in controller
00:02 +32: /home/elton/Dev/repos/belluga-ecosystem/belluga_now_docker/flutter-app/test/presentation/tenant_admin/events/tenant_admin_events_controller_test.dart: occurrence taxonomy overrides are scoped to the selected event type
00:02 +33: /home/elton/Dev/repos/belluga-ecosystem/belluga_now_docker/flutter-app/test/presentation/tenant_admin/events/tenant_admin_events_controller_test.dart: account-scoped submitCreate does not refresh tenant-admin events list
00:02 +34: /home/elton/Dev/repos/belluga-ecosystem/belluga_now_docker/flutter-app/test/presentation/tenant_admin/events/tenant_admin_events_controller_test.dart: submitCreate ignores concurrent submission while loading
00:02 +35: /home/elton/Dev/repos/belluga-ecosystem/belluga_now_docker/flutter-app/test/presentation/tenant_admin/events/tenant_admin_events_controller_test.dart: tenant scope change without landlord token skips admin events load
00:02 +36: /home/elton/Dev/repos/belluga-ecosystem/belluga_now_docker/flutter-app/test/presentation/tenant_admin/events/tenant_admin_events_controller_test.dart: saveEventType sends null description when edit description is cleared
00:02 +37: /home/elton/Dev/repos/belluga-ecosystem/belluga_now_docker/flutter-app/test/presentation/tenant_admin/events/tenant_admin_events_controller_test.dart: saveEventType delegates canonical visual mutation when requested
00:02 +38: /home/elton/Dev/repos/belluga-ecosystem/belluga_now_docker/flutter-app/test/presentation/tenant_admin/events/tenant_admin_events_controller_test.dart: related account profile search is backend-driven, paginated, and resets on query change
00:02 +39: /home/elton/Dev/repos/belluga-ecosystem/belluga_now_docker/flutter-app/test/presentation/tenant_admin/events/tenant_admin_events_controller_test.dart: inspectLegacyEventParties delegates to repository
00:02 +40: /home/elton/Dev/repos/belluga-ecosystem/belluga_now_docker/flutter-app/test/presentation/tenant_admin/events/tenant_admin_events_controller_test.dart: repairLegacyEventParties delegates and reloads events
00:04 +41: /home/elton/Dev/repos/belluga-ecosystem/belluga_now_docker/flutter-app/test/presentation/tenant_admin/events/tenant_admin_event_form_screen_test.dart: submits selected taxonomy terms on create
00:08 +42: /home/elton/Dev/repos/belluga-ecosystem/belluga_now_docker/flutter-app/test/presentation/tenant_admin/events/tenant_admin_event_form_screen_test.dart: submits selected taxonomy terms on create
00:08 +43: /home/elton/Dev/repos/belluga-ecosystem/belluga_now_docker/flutter-app/test/presentation/tenant_admin/events/tenant_admin_event_form_screen_test.dart: submits selected taxonomy terms on create
00:08 +44: /home/elton/Dev/repos/belluga-ecosystem/belluga_now_docker/flutter-app/test/presentation/tenant_admin/events/tenant_admin_event_form_screen_test.dart: submits selected taxonomy terms on create
00:09 +45: /home/elton/Dev/repos/belluga-ecosystem/belluga_now_docker/flutter-app/test/presentation/tenant_admin/events/tenant_admin_event_form_screen_test.dart: submits selected taxonomy terms on create
00:09 +46: /home/elton/Dev/repos/belluga-ecosystem/belluga_now_docker/flutter-app/test/presentation/tenant_admin/events/tenant_admin_event_form_screen_test.dart: submits selected taxonomy terms on create
00:09 +47: /home/elton/Dev/repos/belluga-ecosystem/belluga_now_docker/flutter-app/test/presentation/tenant_public/schedule/screens/immersive_event_detail/immersive_event_detail_screen_test.dart: event detail uses sixty-five percent immersive hero height
00:09 +48: /home/elton/Dev/repos/belluga-ecosystem/belluga_now_docker/flutter-app/test/presentation/tenant_admin/events/tenant_admin_event_form_screen_test.dart: single occurrence edit exposes occurrence taxonomy without programming items
00:09 +49: /home/elton/Dev/repos/belluga-ecosystem/belluga_now_docker/flutter-app/test/presentation/tenant_admin/events/tenant_admin_event_form_screen_test.dart: single occurrence edit exposes occurrence taxonomy without programming items
00:10 +50: /home/elton/Dev/repos/belluga-ecosystem/belluga_now_docker/flutter-app/test/presentation/tenant_admin/events/tenant_admin_event_form_screen_test.dart: single occurrence edit exposes occurrence taxonomy without programming items
00:10 +51: /home/elton/Dev/repos/belluga-ecosystem/belluga_now_docker/flutter-app/test/presentation/tenant_admin/events/tenant_admin_event_form_screen_test.dart: single occurrence edit exposes occurrence taxonomy without programming items
00:10 +52: /home/elton/Dev/repos/belluga-ecosystem/belluga_now_docker/flutter-app/test/presentation/tenant_admin/events/tenant_admin_event_form_screen_test.dart: single occurrence edit exposes occurrence taxonomy without programming items
00:11 +53: /home/elton/Dev/repos/belluga-ecosystem/belluga_now_docker/flutter-app/test/presentation/tenant_admin/events/tenant_admin_event_form_screen_test.dart: single occurrence edit exposes occurrence taxonomy without programming items
00:11 +54: /home/elton/Dev/repos/belluga-ecosystem/belluga_now_docker/flutter-app/test/presentation/tenant_admin/events/tenant_admin_event_form_screen_test.dart: single occurrence edit exposes occurrence taxonomy without programming items
00:11 +55: /home/elton/Dev/repos/belluga-ecosystem/belluga_now_docker/flutter-app/test/presentation/tenant_admin/events/tenant_admin_event_form_screen_test.dart: single occurrence edit exposes occurrence taxonomy without programming items
00:11 +56: /home/elton/Dev/repos/belluga-ecosystem/belluga_now_docker/flutter-app/test/presentation/tenant_public/schedule/screens/immersive_event_detail/immersive_event_detail_screen_test.dart: horizontal swipe moves immersive event detail to the next tab
00:12 +57: /home/elton/Dev/repos/belluga-ecosystem/belluga_now_docker/flutter-app/test/presentation/tenant_admin/events/tenant_admin_event_form_screen_test.dart: filters event taxonomy UI and submit payload by selected event type
00:12 +58: /home/elton/Dev/repos/belluga-ecosystem/belluga_now_docker/flutter-app/test/presentation/tenant_public/schedule/screens/immersive_event_detail/immersive_event_detail_screen_test.dart: horizontal swipe inside Programação advances to the next occurrence before changing tabs
00:12 +59: /home/elton/Dev/repos/belluga-ecosystem/belluga_now_docker/flutter-app/test/presentation/tenant_admin/events/tenant_admin_event_form_screen_test.dart: edit flow keeps taxonomy UI visible when event type catalog omits allowed taxonomies
00:13 +60: /home/elton/Dev/repos/belluga-ecosystem/belluga_now_docker/flutter-app/test/presentation/tenant_admin/events/tenant_admin_event_form_screen_test.dart: edit flow keeps taxonomy UI visible when event type catalog omits allowed taxonomies
00:13 +61: /home/elton/Dev/repos/belluga-ecosystem/belluga_now_docker/flutter-app/test/presentation/tenant_public/schedule/screens/immersive_event_detail/immersive_event_detail_screen_test.dart: horizontal swipe forward on the last Programação occurrence moves to the next tab
00:13 +62: /home/elton/Dev/repos/belluga-ecosystem/belluga_now_docker/flutter-app/test/presentation/tenant_admin/events/tenant_admin_event_form_screen_test.dart: reloads taxonomy terms in one batch when event type changes
00:14 +63: /home/elton/Dev/repos/belluga-ecosystem/belluga_now_docker/flutter-app/test/presentation/tenant_admin/events/tenant_admin_event_form_screen_test.dart: reloads taxonomy terms in one batch when event type changes
00:14 +64: /home/elton/Dev/repos/belluga-ecosystem/belluga_now_docker/flutter-app/test/presentation/tenant_public/schedule/screens/immersive_event_detail/immersive_event_detail_screen_test.dart: event detail replaces Line-up with dynamic profile category tabs and cards
00:14 +65: /home/elton/Dev/repos/belluga-ecosystem/belluga_now_docker/flutter-app/test/presentation/tenant_admin/events/tenant_admin_event_form_screen_test.dart: hides taxonomy section when selected event type allows none
00:14 +66: /home/elton/Dev/repos/belluga-ecosystem/belluga_now_docker/flutter-app/test/presentation/tenant_public/schedule/screens/immersive_event_detail/immersive_event_detail_screen_test.dart: anonymous user can favorite linked profile in event detail
00:15 +67: /home/elton/Dev/repos/belluga-ecosystem/belluga_now_docker/flutter-app/test/presentation/tenant_admin/events/tenant_admin_event_form_screen_test.dart: renders empty state when allowed taxonomy has no terms
00:15 +68: /home/elton/Dev/repos/belluga-ecosystem/belluga_now_docker/flutter-app/test/presentation/tenant_public/schedule/screens/immersive_event_detail/immersive_event_detail_screen_test.dart: event hero compacts many linked profiles and opens first profile type tab
00:15 +69: /home/elton/Dev/repos/belluga-ecosystem/belluga_now_docker/flutter-app/test/presentation/tenant_admin/events/tenant_admin_event_form_screen_test.dart: guards against duplicate create submit taps
00:15 +70: /home/elton/Dev/repos/belluga-ecosystem/belluga_now_docker/flutter-app/test/presentation/tenant_admin/events/tenant_admin_event_form_screen_test.dart: guards against duplicate create submit taps
00:16 +71: /home/elton/Dev/repos/belluga-ecosystem/belluga_now_docker/flutter-app/test/presentation/tenant_admin/events/tenant_admin_event_form_screen_test.dart: guards against duplicate create submit taps
00:16 +72: /home/elton/Dev/repos/belluga-ecosystem/belluga_now_docker/flutter-app/test/presentation/tenant_admin/events/tenant_admin_event_form_screen_test.dart: guards against duplicate create submit taps
00:16 +73: /home/elton/Dev/repos/belluga-ecosystem/belluga_now_docker/flutter-app/test/presentation/tenant_public/schedule/screens/immersive_event_detail/immersive_event_detail_screen_test.dart: event detail programming selector highlights current occurrence
00:17 +74: /home/elton/Dev/repos/belluga-ecosystem/belluga_now_docker/flutter-app/test/presentation/tenant_admin/events/tenant_admin_event_form_screen_test.dart: clears optional end date from the first occurrence form
00:17 +75: /home/elton/Dev/repos/belluga-ecosystem/belluga_now_docker/flutter-app/test/presentation/tenant_admin/events/tenant_admin_event_form_screen_test.dart: clears optional end date from the first occurrence form
00:17 +76: /home/elton/Dev/repos/belluga-ecosystem/belluga_now_docker/flutter-app/test/presentation/tenant_admin/events/tenant_admin_event_form_screen_test.dart: clears optional end date from the first occurrence form
00:18 +77: /home/elton/Dev/repos/belluga-ecosystem/belluga_now_docker/flutter-app/test/presentation/tenant_admin/events/tenant_admin_event_form_screen_test.dart: clears optional end date from the first occurrence form
00:18 +78: /home/elton/Dev/repos/belluga-ecosystem/belluga_now_docker/flutter-app/test/presentation/tenant_public/schedule/screens/immersive_event_detail/immersive_event_detail_screen_test.dart: event detail programming centers a selected occurrence only once when the same target rebuilds twice
00:18 +79: /home/elton/Dev/repos/belluga-ecosystem/belluga_now_docker/flutter-app/test/presentation/tenant_admin/events/tenant_admin_event_form_screen_test.dart: dirty event form asks before closing without saving
00:18 +80: /home/elton/Dev/repos/belluga-ecosystem/belluga_now_docker/flutter-app/test/presentation/tenant_admin/events/tenant_admin_event_form_screen_test.dart: dirty event form asks before closing without saving
00:18 +81: /home/elton/Dev/repos/belluga-ecosystem/belluga_now_docker/flutter-app/test/presentation/tenant_admin/events/tenant_admin_event_form_screen_test.dart: dirty event form asks before closing without saving
00:18 +82: /home/elton/Dev/repos/belluga-ecosystem/belluga_now_docker/flutter-app/test/presentation/tenant_public/schedule/screens/immersive_event_detail/immersive_event_detail_screen_test.dart: event detail programming caps profile fanout and supports duplicate times
00:19 +83: /home/elton/Dev/repos/belluga-ecosystem/belluga_now_docker/flutter-app/test/presentation/tenant_admin/events/tenant_admin_event_form_screen_test.dart: adds a second occurrence date before create submit
00:19 +84: /home/elton/Dev/repos/belluga-ecosystem/belluga_now_docker/flutter-app/test/presentation/tenant_admin/events/tenant_admin_event_form_screen_test.dart: adds a second occurrence date before create submit
00:19 +85: /home/elton/Dev/repos/belluga-ecosystem/belluga_now_docker/flutter-app/test/presentation/tenant_admin/events/tenant_admin_event_form_screen_test.dart: adds a second occurrence date before create submit
00:19 +86: /home/elton/Dev/repos/belluga-ecosystem/belluga_now_docker/flutter-app/test/presentation/tenant_admin/events/tenant_admin_event_form_screen_test.dart: adds a second occurrence date before create submit
00:20 +87: /home/elton/Dev/repos/belluga-ecosystem/belluga_now_docker/flutter-app/test/presentation/tenant_admin/events/tenant_admin_event_form_screen_test.dart: adds a second occurrence date before create submit
00:20 +88: /home/elton/Dev/repos/belluga-ecosystem/belluga_now_docker/flutter-app/test/presentation/tenant_admin/events/tenant_admin_event_form_screen_test.dart: adds a second occurrence date before create submit
00:20 +89: /home/elton/Dev/repos/belluga-ecosystem/belluga_now_docker/flutter-app/test/presentation/tenant_public/schedule/screens/immersive_event_detail/immersive_event_detail_screen_test.dart: event detail programming tab replaces dates tab with selector
00:21 +90: /home/elton/Dev/repos/belluga-ecosystem/belluga_now_docker/flutter-app/test/presentation/tenant_admin/events/tenant_admin_event_form_screen_test.dart: authors occurrence taxonomy overrides from the date editor
00:21 +91: /home/elton/Dev/repos/belluga-ecosystem/belluga_now_docker/flutter-app/test/presentation/tenant_admin/events/tenant_admin_event_form_screen_test.dart: authors occurrence taxonomy overrides from the date editor
00:22 +92: /home/elton/Dev/repos/belluga-ecosystem/belluga_now_docker/flutter-app/test/presentation/tenant_public/schedule/screens/immersive_event_detail/immersive_event_detail_screen_test.dart: event detail programming keeps later occurrences visible after route rebuilds on a phone-width rail
00:23 +93: /home/elton/Dev/repos/belluga-ecosystem/belluga_now_docker/flutter-app/test/presentation/tenant_admin/events/tenant_admin_event_form_screen_test.dart: authors occurrence programming optional end time from the date editor
00:23 +94: /home/elton/Dev/repos/belluga-ecosystem/belluga_now_docker/flutter-app/test/presentation/tenant_admin/events/tenant_admin_event_form_screen_test.dart: authors occurrence programming optional end time from the date editor
00:24 +95: /home/elton/Dev/repos/belluga-ecosystem/belluga_now_docker/flutter-app/test/presentation/tenant_admin/events/tenant_admin_event_form_screen_test.dart: authors occurrence programming optional end time from the date editor
00:24 +96: /home/elton/Dev/repos/belluga-ecosystem/belluga_now_docker/flutter-app/test/presentation/tenant_admin/events/tenant_admin_event_form_screen_test.dart: authors occurrence programming optional end time from the date editor
00:24 +97: /home/elton/Dev/repos/belluga-ecosystem/belluga_now_docker/flutter-app/test/presentation/tenant_public/schedule/screens/immersive_event_detail/immersive_event_detail_screen_test.dart: event detail Como Chegar aggregates and dedupes destinations
00:24 +98: /home/elton/Dev/repos/belluga-ecosystem/belluga_now_docker/flutter-app/test/presentation/tenant_admin/events/tenant_admin_event_form_screen_test.dart: adds a second occurrence date before edit submit
00:24 +99: /home/elton/Dev/repos/belluga-ecosystem/belluga_now_docker/flutter-app/test/presentation/tenant_admin/events/tenant_admin_event_form_screen_test.dart: adds a second occurrence date before edit submit
00:24 +100: /home/elton/Dev/repos/belluga-ecosystem/belluga_now_docker/flutter-app/test/presentation/tenant_admin/events/tenant_admin_event_form_screen_test.dart: adds a second occurrence date before edit submit
00:24 +101: /home/elton/Dev/repos/belluga-ecosystem/belluga_now_docker/flutter-app/test/presentation/tenant_public/schedule/screens/immersive_event_detail/immersive_event_detail_screen_test.dart: event detail keeps standard footer and inline route actions
00:25 +102: /home/elton/Dev/repos/belluga-ecosystem/belluga_now_docker/flutter-app/test/presentation/tenant_admin/events/tenant_admin_event_form_screen_test.dart: editing unrelated event fields preserves occurrence-owned profiles and programming in update draft
00:25 +103: /home/elton/Dev/repos/belluga-ecosystem/belluga_now_docker/flutter-app/test/presentation/tenant_public/schedule/screens/immersive_event_detail/immersive_event_detail_screen_test.dart: event detail route launch prompts for reference point and persists checked policy
00:25 +104: /home/elton/Dev/repos/belluga-ecosystem/belluga_now_docker/flutter-app/test/presentation/tenant_admin/events/tenant_admin_event_form_screen_test.dart: authors occurrence scoped programming from occurrence participants without promoting event-level related profiles
00:26 +105: /home/elton/Dev/repos/belluga-ecosystem/belluga_now_docker/flutter-app/test/presentation/tenant_admin/events/tenant_admin_event_form_screen_test.dart: authors occurrence scoped programming from occurrence participants without promoting event-level related profiles
00:27 +106: /home/elton/Dev/repos/belluga-ecosystem/belluga_now_docker/flutter-app/test/presentation/tenant_admin/events/tenant_admin_event_form_screen_test.dart: removing an occurrence participant also removes it from occurrence programming links
00:29 +107: /home/elton/Dev/repos/belluga-ecosystem/belluga_now_docker/flutter-app/test/presentation/tenant_admin/events/tenant_admin_event_form_screen_test.dart: edits occurrence programming item location in admin UI
00:31 +108: /home/elton/Dev/repos/belluga-ecosystem/belluga_now_docker/flutter-app/test/presentation/tenant_admin/events/tenant_admin_event_form_screen_test.dart: programming location picker filters venues by search
00:32 +109: /home/elton/Dev/repos/belluga-ecosystem/belluga_now_docker/flutter-app/test/presentation/tenant_admin/events/tenant_admin_event_form_screen_test.dart: single-occurrence root programming is preserved after adding a second date
00:33 +110: /home/elton/Dev/repos/belluga-ecosystem/belluga_now_docker/flutter-app/test/presentation/tenant_admin/events/tenant_admin_event_form_screen_test.dart: multi-occurrence editor accumulates multiple programming items without occurrence save boundary
00:34 +111: /home/elton/Dev/repos/belluga-ecosystem/belluga_now_docker/flutter-app/test/presentation/tenant_admin/events/tenant_admin_event_form_screen_test.dart: multi-occurrence editor accumulates programming items that add occurrence profiles
00:36 +112: /home/elton/Dev/repos/belluga-ecosystem/belluga_now_docker/flutter-app/test/presentation/tenant_admin/events/tenant_admin_event_form_screen_test.dart: update multi-occurrence editor accumulates programming items without occurrence save boundary
00:37 +113: /home/elton/Dev/repos/belluga-ecosystem/belluga_now_docker/flutter-app/test/presentation/tenant_admin/events/tenant_admin_event_form_screen_test.dart: update multi-occurrence editor preserves programming items after closing and reopening date
00:38 +114: /home/elton/Dev/repos/belluga-ecosystem/belluga_now_docker/flutter-app/test/presentation/tenant_admin/events/tenant_admin_event_form_screen_test.dart: update event with three occurrences preserves programming items on the third date
00:38 +115: /home/elton/Dev/repos/belluga-ecosystem/belluga_now_docker/flutter-app/test/presentation/tenant_admin/events/tenant_admin_event_form_screen_test.dart: update event with three occurrences preserves programming items when reusing an occurrence profile
00:40 +116: /home/elton/Dev/repos/belluga-ecosystem/belluga_now_docker/flutter-app/test/presentation/tenant_admin/events/tenant_admin_event_form_screen_test.dart: update event occurrence sheet keeps unsaved programming item after dragging modal
00:41 +117: /home/elton/Dev/repos/belluga-ecosystem/belluga_now_docker/flutter-app/test/presentation/tenant_admin/events/tenant_admin_event_form_screen_test.dart: update event programming item sheet keeps unsaved linked profile after dragging modal
00:42 +118: /home/elton/Dev/repos/belluga-ecosystem/belluga_now_docker/flutter-app/test/presentation/tenant_admin/events/tenant_admin_event_form_screen_test.dart: update event occurrence sheet keeps unsaved programming item after layout metrics change
00:42 +119: /home/elton/Dev/repos/belluga-ecosystem/belluga_now_docker/flutter-app/test/presentation/tenant_admin/events/tenant_admin_event_form_screen_test.dart: uses own-account endpoint when account slug is provided
00:43 +120: /home/elton/Dev/repos/belluga-ecosystem/belluga_now_docker/flutter-app/test/presentation/tenant_admin/events/tenant_admin_event_form_screen_test.dart: online mode omits venue coordinates on submit
00:43 +121: /home/elton/Dev/repos/belluga-ecosystem/belluga_now_docker/flutter-app/test/presentation/tenant_admin/events/tenant_admin_event_form_screen_test.dart: physical mode venue picker filters venues by search
00:44 +122: /home/elton/Dev/repos/belluga-ecosystem/belluga_now_docker/flutter-app/test/presentation/tenant_admin/events/tenant_admin_event_form_screen_test.dart: submits without description text (content optional)
00:45 +123: /home/elton/Dev/repos/belluga-ecosystem/belluga_now_docker/flutter-app/test/presentation/tenant_admin/events/tenant_admin_event_form_screen_test.dart: related account profile group selector keeps checkbox state canonical
00:45 +124: /home/elton/Dev/repos/belluga-ecosystem/belluga_now_docker/flutter-app/test/presentation/tenant_admin/events/tenant_admin_event_form_screen_test.dart: shows explicit empty states when no host/related profile candidates
00:46 +125: /home/elton/Dev/repos/belluga-ecosystem/belluga_now_docker/flutter-app/test/presentation/tenant_admin/events/tenant_admin_event_form_screen_test.dart: related account profile group selector filters loaded candidates after typing
00:46 +126: /home/elton/Dev/repos/belluga-ecosystem/belluga_now_docker/flutter-app/test/presentation/tenant_admin/events/tenant_admin_event_form_screen_test.dart: adding a filtered related account profile keeps its summary visible on the form
00:47 +127: /home/elton/Dev/repos/belluga-ecosystem/belluga_now_docker/flutter-app/test/presentation/tenant_admin/events/tenant_admin_event_form_screen_test.dart: adding a later-page related account profile keeps its summary visible on the form
00:47 +128: /home/elton/Dev/repos/belluga-ecosystem/belluga_now_docker/flutter-app/test/presentation/tenant_admin/events/tenant_admin_event_form_screen_test.dart: editing preserves selected related account profile summaries after candidate preload completes
00:48 +129: /home/elton/Dev/repos/belluga-ecosystem/belluga_now_docker/flutter-app/test/presentation/tenant_admin/events/tenant_admin_event_form_screen_test.dart: candidate preload failure keeps selected related account profile summaries visible
00:48 +130: /home/elton/Dev/repos/belluga-ecosystem/belluga_now_docker/flutter-app/test/presentation/tenant_admin/events/tenant_admin_event_form_screen_test.dart: uses rich text editor for event description content
00:48 +131: /home/elton/Dev/repos/belluga-ecosystem/belluga_now_docker/flutter-app/test/presentation/tenant_admin/events/tenant_admin_event_form_screen_test.dart: normalizes description content to the approved HTML subset before submit
00:49 +132: All tests passed!
