INFO: running Laravel tests with forced local-safe environment.
[2026-06-02 05:22:43] testing.INFO: Tests: landlord collections before wipe {"collections":["migrations","sessions","personal_access_tokens","tenants","domains","password_reset_tokens","landlord_roles","cache","api_abuse_signal_aggregates","tenant_role_templates","landlord_users","landlords","failed_jobs","job_batches","jobs","cache_locks","api_abuse_signals"],"landlords_count":0,"tenants_count":0} 
[2026-06-02 05:22:43] testing.INFO: Tests: tenant collections before wipe {"collections":[]} 
[2026-06-02 05:22:43] testing.INFO: Tests: landlord collections after wipe {"collections":[],"landlords_count":0,"tenants_count":0} 
[2026-06-02 05:22:43] testing.INFO: Tests: tenant collections after wipe {"collections":[]} 
[2026-06-02 05:22:46] testing.INFO: tenant_environment_snapshot_rebuilt {"tenant_id":"6a1e68a60135ebd76500801b","tenant_slug":"tenant-zeta","reason":"tenant_record_updated","snapshot_version":"b9db47407c769116d4f32a28ac0a559046b80cf2991c8f06b70ec3a36e15a59d","built_at":"2026-06-02T05:22:46+00:00","duration_ms":46} {"tenantId":"6a1e68a60135ebd76500801b"}
[2026-06-02 05:22:46] testing.INFO: tenant_environment_snapshot_rebuilt {"tenant_id":"6a1e68a60135ebd76500801b","tenant_slug":"tenant-zeta","reason":"tenant_domain_updated","snapshot_version":"28e71f393aa05e4fd1cccbcf1fd3c8a13291dc72336dce87b8c821a43a02acaa","built_at":"2026-06-02T05:22:46+00:00","duration_ms":23} {"tenantId":"6a1e68a60135ebd76500801b"}
[2026-06-02 05:22:46] testing.INFO: tenant_environment_snapshot_rebuilt {"tenant_id":"6a1e68a60135ebd76500801b","tenant_slug":"tenant-zeta","reason":"profile_type_registry_updated","snapshot_version":"81494facf1c57ccc49823ac8c8b3c8ea766c275aa2fde3c65885f5cdfee3dd1c","built_at":"2026-06-02T05:22:46+00:00","duration_ms":25} {"tenantId":"6a1e68a60135ebd76500801b"}
[2026-06-02 05:22:46] testing.INFO: tenant_environment_snapshot_rebuilt {"tenant_id":"6a1e68a60135ebd76500801b","tenant_slug":"tenant-zeta","reason":"profile_type_registry_updated","snapshot_version":"08d20bc9ce554eeaadfb8e831a2939446afd74cddb9a98b79db588439a196b34","built_at":"2026-06-02T05:22:46+00:00","duration_ms":36} {"tenantId":"6a1e68a60135ebd76500801b"}
[2026-06-02 05:22:46] testing.INFO: tenant_environment_snapshot_rebuilt {"tenant_id":"6a1e68a60135ebd76500801b","tenant_slug":"tenant-zeta","reason":"tenant_record_updated","snapshot_version":"08d20bc9ce554eeaadfb8e831a2939446afd74cddb9a98b79db588439a196b34","built_at":"2026-06-02T05:22:46+00:00","duration_ms":27} {"tenantId":"6a1e68a60135ebd76500801b"}
[2026-06-02 05:22:46] testing.WARNING: Wildcard permission detected in initialization role payload. {"permissions":["*"]} 
[2026-06-02 05:22:47] testing.INFO: events_write_completed {"correlation_id":"52690870-cfe5-4ee8-9a0d-ec0ca686e282","cf_ray_id":null,"tenant_reference":"tenant-zeta","api_security_level":"L2","api_security_level_source":"system_default","api_security_observe_mode":false,"operation":"create","event_id":"6a1e68a70135ebd765008044","occurrence_count":1,"publication_status":"published","publication_publish_at":"2026-06-02T05:21:47+00:00","duration_ms":176} {"accountId":"6a1e68a70135ebd765008035","accountScopedAuthorization":true,"tenantId":"6a1e68a60135ebd76500801b"}
[2026-06-02 05:22:49] testing.INFO: events_write_completed {"correlation_id":"d9330ccf-8e30-41c0-90bb-642f9b23215a","cf_ray_id":null,"tenant_reference":"tenant-zeta","api_security_level":"L2","api_security_level_source":"system_default","api_security_observe_mode":false,"operation":"create","event_id":"6a1e68a90135ebd76500808c","occurrence_count":2,"publication_status":"published","publication_publish_at":"2026-06-02T05:21:49+00:00","duration_ms":129} {"accountId":"6a1e68a90135ebd76500807e","accountScopedAuthorization":true,"tenantId":"6a1e68a60135ebd76500801b"}
[2026-06-02 05:22:50] testing.INFO: events_write_completed {"correlation_id":"0b0388b2-2f53-4955-9703-9238342f3b1a","cf_ray_id":null,"tenant_reference":"tenant-zeta","api_security_level":"L2","api_security_level_source":"system_default","api_security_observe_mode":false,"operation":"create","event_id":"6a1e68aa0135ebd7650080a2","occurrence_count":1,"publication_status":"published","publication_publish_at":"2026-06-02T05:21:50+00:00","duration_ms":76} {"accountId":"6a1e68aa0135ebd765008094","accountScopedAuthorization":true,"tenantId":"6a1e68a60135ebd76500801b"}
[2026-06-02 05:22:50] testing.INFO: events_write_completed {"correlation_id":"e1e763e0-f6f2-4c90-9945-2c0b2fe5a933","cf_ray_id":null,"tenant_reference":"tenant-zeta","api_security_level":"L2","api_security_level_source":"system_default","api_security_observe_mode":false,"operation":"create","event_id":"6a1e68aa0135ebd7650080b7","occurrence_count":1,"publication_status":"published","publication_publish_at":"2026-06-02T05:21:50+00:00","duration_ms":96} {"accountId":"6a1e68aa0135ebd7650080a9","accountScopedAuthorization":true,"tenantId":"6a1e68a60135ebd76500801b"}
[2026-06-02 05:22:51] testing.INFO: events_write_completed {"correlation_id":"1f5305b3-6310-4b9b-8d29-b5af7968fd95","cf_ray_id":null,"tenant_reference":"tenant-zeta","api_security_level":"L2","api_security_level_source":"system_default","api_security_observe_mode":false,"operation":"create","event_id":"6a1e68ab0135ebd7650080cc","occurrence_count":2,"publication_status":"published","publication_publish_at":"2026-06-02T05:21:51+00:00","duration_ms":122} {"accountId":"6a1e68ab0135ebd7650080be","accountScopedAuthorization":true,"tenantId":"6a1e68a60135ebd76500801b"}
[2026-06-02 05:22:52] testing.INFO: events_write_completed {"correlation_id":"4d98e928-22ca-435b-8ffd-277fb372c5de","cf_ray_id":null,"tenant_reference":"tenant-zeta","api_security_level":"L2","api_security_level_source":"system_default","api_security_observe_mode":false,"operation":"create","event_id":"6a1e68ab0135ebd7650080e2","occurrence_count":2,"publication_status":"published","publication_publish_at":"2026-06-02T05:21:51+00:00","duration_ms":130} {"accountId":"6a1e68ab0135ebd7650080d4","accountScopedAuthorization":true,"tenantId":"6a1e68a60135ebd76500801b"}

   PASS  Tests\Feature\Events\EventCrudControllerTest
  ✓ event profile groups reuse event parties as canonical relation      14.70s  
  ✓ event profile groups reject members outside event parties            0.52s  
  ✓ event profile groups reject explicit groups missing event parties    0.35s  
  ✓ event profile groups reject duplicate members across groups          0.44s  
  ✓ occurrence profile groups are local and public detail merges event…  0.54s  
  ✓ public event detail keeps type grouping fallback without profile gr… 0.47s  
  ✓ management event hydrates legacy profile groups by type without mut… 0.56s  
  ✓ public event detail merges explicit event groups with occurrence ty… 0.57s  
  ✓ public event detail merges event type fallback with explicit occurr… 0.58s  

  Tests:    9 passed (67 assertions)
  Duration: 18.91s

