INFO: running Laravel tests with forced local-safe environment.
[2026-06-01 16:12:21] testing.INFO: Tests: landlord collections before wipe {"collections":["landlord_users","cache","password_reset_tokens","jobs","domains","tenant_role_templates","landlord_roles","migrations","personal_access_tokens","failed_jobs","sessions","tenants","api_abuse_signal_aggregates","api_abuse_signals","landlords","cache_locks","job_batches"],"landlords_count":0,"tenants_count":0} 
[2026-06-01 16:12:21] testing.INFO: Tests: tenant collections before wipe {"collections":[]} 
[2026-06-01 16:12:22] testing.INFO: Tests: landlord collections after wipe {"collections":[],"landlords_count":0,"tenants_count":0} 
[2026-06-01 16:12:22] testing.INFO: Tests: tenant collections after wipe {"collections":[]} 
[2026-06-01 16:12:27] testing.INFO: tenant_environment_snapshot_rebuilt {"tenant_id":"6a1daf67c63ffc2e7708a4ab","tenant_slug":"tenant-zeta","reason":"tenant_record_updated","snapshot_version":"c4d33fa3ec4d66c1658f9fa9d5d08230d79ea25833edef6e84307e3b529027b6","built_at":"2026-06-01T16:12:27+00:00","duration_ms":34} {"tenantId":"6a1daf67c63ffc2e7708a4ab"}
[2026-06-01 16:12:27] testing.INFO: tenant_environment_snapshot_rebuilt {"tenant_id":"6a1daf67c63ffc2e7708a4ab","tenant_slug":"tenant-zeta","reason":"tenant_domain_updated","snapshot_version":"542e36dfdf1cd72fcbd95a9e4d0038895d052627648332179edc39a3d98c1d55","built_at":"2026-06-01T16:12:27+00:00","duration_ms":19} {"tenantId":"6a1daf67c63ffc2e7708a4ab"}
[2026-06-01 16:12:27] testing.INFO: tenant_environment_snapshot_rebuilt {"tenant_id":"6a1daf67c63ffc2e7708a4ab","tenant_slug":"tenant-zeta","reason":"profile_type_registry_updated","snapshot_version":"6e435897aeaac5324a84193b15ffbe1f4cf4c3400e7ba266e52d63353b37912d","built_at":"2026-06-01T16:12:27+00:00","duration_ms":27} {"tenantId":"6a1daf67c63ffc2e7708a4ab"}
[2026-06-01 16:12:27] testing.INFO: tenant_environment_snapshot_rebuilt {"tenant_id":"6a1daf67c63ffc2e7708a4ab","tenant_slug":"tenant-zeta","reason":"profile_type_registry_updated","snapshot_version":"3ad31491c6a377802a14a064bdd85e6353fb745511469f84988ecd0f73f1c602","built_at":"2026-06-01T16:12:27+00:00","duration_ms":16} {"tenantId":"6a1daf67c63ffc2e7708a4ab"}
[2026-06-01 16:12:27] testing.INFO: tenant_environment_snapshot_rebuilt {"tenant_id":"6a1daf67c63ffc2e7708a4ab","tenant_slug":"tenant-zeta","reason":"tenant_record_updated","snapshot_version":"3ad31491c6a377802a14a064bdd85e6353fb745511469f84988ecd0f73f1c602","built_at":"2026-06-01T16:12:27+00:00","duration_ms":24} {"tenantId":"6a1daf67c63ffc2e7708a4ab"}
[2026-06-01 16:12:27] testing.WARNING: Wildcard permission detected in initialization role payload. {"permissions":["*"]} 
[2026-06-01 16:12:28] testing.INFO: tenant_environment_snapshot_rebuilt {"tenant_id":"6a1daf67c63ffc2e7708a4ab","tenant_slug":"tenant-zeta","reason":"profile_type_registry_updated","snapshot_version":"e44adb393ad8e429a87073806d32aeafd6826907010109672cae68d3f72c52b3","built_at":"2026-06-01T16:12:28+00:00","duration_ms":13} {"tenantId":"6a1daf67c63ffc2e7708a4ab"}
[2026-06-01 16:12:28] testing.INFO: tenant_environment_snapshot_rebuilt {"tenant_id":"6a1daf67c63ffc2e7708a4ab","tenant_slug":"tenant-zeta","reason":"profile_type_registry_updated","snapshot_version":"7a7b58e1072e0e2c3bdeff28e06347aa9aee29dd3ea3137c7808da543103f467","built_at":"2026-06-01T16:12:28+00:00","duration_ms":16} {"tenantId":"6a1daf67c63ffc2e7708a4ab"}
[2026-06-01 16:12:28] testing.INFO: tenant_environment_snapshot_rebuilt {"tenant_id":"6a1daf67c63ffc2e7708a4ab","tenant_slug":"tenant-zeta","reason":"profile_type_registry_updated","snapshot_version":"e44adb393ad8e429a87073806d32aeafd6826907010109672cae68d3f72c52b3","built_at":"2026-06-01T16:12:28+00:00","duration_ms":12} {"tenantId":"6a1daf67c63ffc2e7708a4ab"}
[2026-06-01 16:12:28] testing.INFO: tenant_environment_snapshot_rebuilt {"tenant_id":"6a1daf67c63ffc2e7708a4ab","tenant_slug":"tenant-zeta","reason":"profile_type_registry_updated","snapshot_version":"7a7b58e1072e0e2c3bdeff28e06347aa9aee29dd3ea3137c7808da543103f467","built_at":"2026-06-01T16:12:28+00:00","duration_ms":16} {"tenantId":"6a1daf67c63ffc2e7708a4ab"}
[2026-06-01 16:12:29] testing.INFO: tenant_environment_snapshot_rebuilt {"tenant_id":"6a1daf67c63ffc2e7708a4ab","tenant_slug":"tenant-zeta","reason":"profile_type_registry_updated","snapshot_version":"e44adb393ad8e429a87073806d32aeafd6826907010109672cae68d3f72c52b3","built_at":"2026-06-01T16:12:29+00:00","duration_ms":10} {"tenantId":"6a1daf67c63ffc2e7708a4ab"}
[2026-06-01 16:12:29] testing.INFO: tenant_environment_snapshot_rebuilt {"tenant_id":"6a1daf67c63ffc2e7708a4ab","tenant_slug":"tenant-zeta","reason":"profile_type_registry_updated","snapshot_version":"7a7b58e1072e0e2c3bdeff28e06347aa9aee29dd3ea3137c7808da543103f467","built_at":"2026-06-01T16:12:29+00:00","duration_ms":12} {"tenantId":"6a1daf67c63ffc2e7708a4ab"}
[2026-06-01 16:12:29] testing.INFO: tenant_environment_snapshot_rebuilt {"tenant_id":"6a1daf67c63ffc2e7708a4ab","tenant_slug":"tenant-zeta","reason":"profile_type_registry_updated","snapshot_version":"e44adb393ad8e429a87073806d32aeafd6826907010109672cae68d3f72c52b3","built_at":"2026-06-01T16:12:29+00:00","duration_ms":15} {"tenantId":"6a1daf67c63ffc2e7708a4ab"}
[2026-06-01 16:12:29] testing.INFO: tenant_environment_snapshot_rebuilt {"tenant_id":"6a1daf67c63ffc2e7708a4ab","tenant_slug":"tenant-zeta","reason":"profile_type_registry_updated","snapshot_version":"7a7b58e1072e0e2c3bdeff28e06347aa9aee29dd3ea3137c7808da543103f467","built_at":"2026-06-01T16:12:29+00:00","duration_ms":12} {"tenantId":"6a1daf67c63ffc2e7708a4ab"}
[2026-06-01 16:12:29] testing.INFO: tenant_environment_snapshot_rebuilt {"tenant_id":"6a1daf67c63ffc2e7708a4ab","tenant_slug":"tenant-zeta","reason":"profile_type_registry_updated","snapshot_version":"c2fbc95773dfb8896ad5fd70c7835fb05594517bade696663d39873361d3abc8","built_at":"2026-06-01T16:12:29+00:00","duration_ms":15} {"tenantId":"6a1daf67c63ffc2e7708a4ab"}
[2026-06-01 16:12:29] testing.INFO: tenant_environment_snapshot_rebuilt {"tenant_id":"6a1daf67c63ffc2e7708a4ab","tenant_slug":"tenant-zeta","reason":"profile_type_registry_updated","snapshot_version":"e44adb393ad8e429a87073806d32aeafd6826907010109672cae68d3f72c52b3","built_at":"2026-06-01T16:12:29+00:00","duration_ms":15} {"tenantId":"6a1daf67c63ffc2e7708a4ab"}
[2026-06-01 16:12:29] testing.INFO: tenant_environment_snapshot_rebuilt {"tenant_id":"6a1daf67c63ffc2e7708a4ab","tenant_slug":"tenant-zeta","reason":"profile_type_registry_updated","snapshot_version":"7a7b58e1072e0e2c3bdeff28e06347aa9aee29dd3ea3137c7808da543103f467","built_at":"2026-06-01T16:12:29+00:00","duration_ms":13} {"tenantId":"6a1daf67c63ffc2e7708a4ab"}
[2026-06-01 16:12:29] testing.INFO: tenant_environment_snapshot_rebuilt {"tenant_id":"6a1daf67c63ffc2e7708a4ab","tenant_slug":"tenant-zeta","reason":"profile_type_registry_updated","snapshot_version":"e44adb393ad8e429a87073806d32aeafd6826907010109672cae68d3f72c52b3","built_at":"2026-06-01T16:12:29+00:00","duration_ms":57} {"tenantId":"6a1daf67c63ffc2e7708a4ab"}
[2026-06-01 16:12:29] testing.INFO: tenant_environment_snapshot_rebuilt {"tenant_id":"6a1daf67c63ffc2e7708a4ab","tenant_slug":"tenant-zeta","reason":"profile_type_registry_updated","snapshot_version":"7a7b58e1072e0e2c3bdeff28e06347aa9aee29dd3ea3137c7808da543103f467","built_at":"2026-06-01T16:12:29+00:00","duration_ms":95} {"tenantId":"6a1daf67c63ffc2e7708a4ab"}
[2026-06-01 16:12:30] testing.INFO: tenant_environment_snapshot_rebuilt {"tenant_id":"6a1daf67c63ffc2e7708a4ab","tenant_slug":"tenant-zeta","reason":"profile_type_registry_updated","snapshot_version":"b92b736e4883dc37c688fdff5911eb9e6652d5cd8d87c9bdd1193d70d68a8e1e","built_at":"2026-06-01T16:12:30+00:00","duration_ms":86} {"tenantId":"6a1daf67c63ffc2e7708a4ab"}

   PASS  Tests\Feature\AccountProfiles\AccountProfilesControllerTest
  ✓ account profile update persists nested profile groups in order      12.36s  
  ✓ account profile update rejects invalid nested profile group members  0.40s  
  ✓ account profile update rejects nested profile group limits           0.17s  
  ✓ account profile update rejects nested profile groups when type capa… 0.22s  
  ✓ public account profile detail projects nested groups and hides empt… 0.27s  
  ✓ public account profile detail hides nested groups when type capabil… 0.78s  

  Tests:    6 passed (25 assertions)
  Duration: 14.38s

