INFO: authoritative navigation validation -> suite=mutation
INFO: navigation env source -> /home/elton/Dev/repos/belluga-ecosystem/belluga_now_docker/.env.local.navigation
INFO: runtime bind mounts -> principal checkout confirmed from NAV_RECONCILE_MOUNT_CHECKS
Web navigation policy check passed (lane=dev, suite=mutation).
Listing tests:
  account_profile_detail.spec.js:750:1 › @mutation NAV-APD-07..08 agenda is occurrence-first and cards navigate to event detail
  account_profile_detail.spec.js:846:1 › @mutation NAV-APD-09 Como Chegar opens focused map and shared route chooser
  account_profile_detail.spec.js:923:1 › @mutation NAV-APD-11 reference point action opens confirmation modal
  account_profile_detail.spec.js:988:1 › @mutation NAV-APD-13 map reference point action opens confirmation modal
  account_profile_rich_text.mutation.spec.js:512:1 › @mutation tenant-admin account-profile rich text persists and renders on admin and public surfaces
  discovery_filters.spec.js:1060:1 › @mutation tenant-admin keeps public Map filter config in the canonical filters editor
  discovery_filters.spec.js:1128:1 › @mutation public Map keeps baseline primary filters without taxonomy subfilters and uses backend filtering
  discovery_filters.spec.js:1187:1 › @mutation public Map navigates configured canonical filters with and without marker override visuals
  discovery_filters.spec.js:1329:1 › @mutation Home filters honor Event Type taxonomy compatibility, hide zero-taxonomy rows, and keep selected icon foreground aligned with the label
  discovery_filters.spec.js:1487:1 › @mutation Profile Discovery excludes non-favoritable types and keeps selected icon foreground aligned with the label
  event_rich_text.mutation.spec.js:576:1 › @mutation tenant-admin event rich text persists and renders in public Sobre
  event_share_boundary.spec.js:283:1 › @mutation T6-EVENT-SHARE anonymous web event invite preserves promotion boundary
  invite_session_context.mutation.spec.js:594:1 › @mutation INVITE-SESSION-CONTEXT invite landing exposes dynamic share metadata
  invite_session_context.mutation.spec.js:668:1 › @mutation INVITE-SESSION-CONTEXT Android direct invite and event links generate app intent handoff
  navigation.mutation.event_occurrences.spec.js:2085:1 › @mutation NAV-ADM-LOC-01..06 admin occurrence programming location ownership matrix holds
  navigation.mutation.event_occurrences.spec.js:2378:1 › @mutation tenant-admin event occurrence FAB persists second occurrence and public detail selects it
  navigation.mutation.event_occurrences.spec.js:3541:1 › @mutation repeated public event detail GET/hydration keeps programming payload stable
  navigation.mutation.tenant_admin.spec.js:1018:1 › @mutation tenant-admin account-profile cover upload persists and renders after reload
  navigation.mutation.tenant_admin.spec.js:1154:1 › @mutation tenant-admin account-profile avatar upload persists and renders after reload
  navigation.mutation.tenant_admin.spec.js:1290:1 › @mutation tenant-admin account profile nested tabs obey profile type capability
  navigation.mutation.tenant_admin.spec.js:1423:1 › @mutation tenant-admin event type create flow works through the real browser
  navigation.mutation.tenant_admin.spec.js:1531:1 › @mutation tenant-admin event type type asset upload persists and renders after edit reopen
  navigation.mutation.tenant_admin.spec.js:1675:1 › @mutation tenant-admin branding public default image and favicon persist after save and reload
  navigation.mutation.tenant_admin.spec.js:1825:1 › @mutation tenant-admin profile-type editors preload and preserve allowed taxonomies when saving unrelated visual changes
  navigation.spec.js:319:1 › @mutation tenant agenda UI state matches tenant agenda API payload
  otp_auth_admin.mutation.spec.js:333:1 › @mutation OTP Auth admin exposes WhatsApp primary and optional SMS fallback without legacy controls
  tenant_admin_profile_type_plural.mutation.spec.js:216:1 › @mutation T6-PLURAL tenant-admin account profile type edit persists plural label
Total: 27 tests in 11 files
Validated mutation shard "all" selects 27 expected test(s).
- @mutation Home filters honor Event Type taxonomy compatibility, hide zero-taxonomy rows, and keep selected icon foreground aligned with the label
- @mutation INVITE-SESSION-CONTEXT Android direct invite and event links generate app intent handoff
- @mutation INVITE-SESSION-CONTEXT invite landing exposes dynamic share metadata
- @mutation NAV-ADM-LOC-01..06 admin occurrence programming location ownership matrix holds
- @mutation NAV-APD-07..08 agenda is occurrence-first and cards navigate to event detail
- @mutation NAV-APD-09 Como Chegar opens focused map and shared route chooser
- @mutation NAV-APD-11 reference point action opens confirmation modal
- @mutation NAV-APD-13 map reference point action opens confirmation modal
- @mutation OTP Auth admin exposes WhatsApp primary and optional SMS fallback without legacy controls
- @mutation Profile Discovery excludes non-favoritable types and keeps selected icon foreground aligned with the label
- @mutation T6-EVENT-SHARE anonymous web event invite preserves promotion boundary
- @mutation T6-PLURAL tenant-admin account profile type edit persists plural label
- @mutation public Map keeps baseline primary filters without taxonomy subfilters and uses backend filtering
- @mutation public Map navigates configured canonical filters with and without marker override visuals
- @mutation repeated public event detail GET/hydration keeps programming payload stable
- @mutation tenant agenda UI state matches tenant agenda API payload
- @mutation tenant-admin account profile nested tabs obey profile type capability
- @mutation tenant-admin account-profile avatar upload persists and renders after reload
- @mutation tenant-admin account-profile cover upload persists and renders after reload
- @mutation tenant-admin account-profile rich text persists and renders on admin and public surfaces
- @mutation tenant-admin branding public default image and favicon persist after save and reload
- @mutation tenant-admin event occurrence FAB persists second occurrence and public detail selects it
- @mutation tenant-admin event rich text persists and renders in public Sobre
- @mutation tenant-admin event type create flow works through the real browser
- @mutation tenant-admin event type type asset upload persists and renders after edit reopen
- @mutation tenant-admin keeps public Map filter config in the canonical filters editor
- @mutation tenant-admin profile-type editors preload and preserve allowed taxonomies when saving unrelated visual changes

Running 27 tests using 1 worker

[1A[2K(node:62174) Warning: The 'NO_COLOR' env is ignored due to the 'FORCE_COLOR' env being set.
(Use `node --trace-warnings ...` to show where the warning was created)


[1A[2K(node:62174) Warning: The 'NO_COLOR' env is ignored due to the 'FORCE_COLOR' env being set.
(Use `node --trace-warnings ...` to show where the warning was created)


[1A[2K[1/27] ../web_app_tests/account_profile_detail.spec.js:750:1 › @mutation NAV-APD-07..08 agenda is occurrence-first and cards navigate to event detail
[1A[2K[2/27] ../web_app_tests/account_profile_detail.spec.js:846:1 › @mutation NAV-APD-09 Como Chegar opens focused map and shared route chooser
[1A[2K[3/27] ../web_app_tests/account_profile_detail.spec.js:923:1 › @mutation NAV-APD-11 reference point action opens confirmation modal
[1A[2K[4/27] ../web_app_tests/account_profile_detail.spec.js:988:1 › @mutation NAV-APD-13 map reference point action opens confirmation modal
[1A[2K[5/27] ../web_app_tests/account_profile_rich_text.mutation.spec.js:512:1 › @mutation tenant-admin account-profile rich text persists and renders on admin and public surfaces
[1A[2K[6/27] ../web_app_tests/discovery_filters.spec.js:1060:1 › @mutation tenant-admin keeps public Map filter config in the canonical filters editor
[1A[2K[7/27] ../web_app_tests/discovery_filters.spec.js:1128:1 › @mutation public Map keeps baseline primary filters without taxonomy subfilters and uses backend filtering
[1A[2K[8/27] ../web_app_tests/discovery_filters.spec.js:1187:1 › @mutation public Map navigates configured canonical filters with and without marker override visuals
[1A[2K  1) ../web_app_tests/discovery_filters.spec.js:1187:1 › @mutation public Map navigates configured canonical filters with and without marker override visuals 

    Error: [2mexpect([22m[31mlocator[39m[2m).[22mtoBeVisible[2m([22m[2m)[22m failed

    Locator: getByRole('button', { name: /PW Override 1780337357651/i })
    Expected: visible
    Timeout: 90000ms
    Error: element(s) not found

    Call log:
    [2m  - Expect "toBeVisible" with timeout 90000ms[22m
    [2m  - waiting for getByRole('button', { name: /PW Override 1780337357651/i })[22m


      1284 |     await continueWithoutLocationIfPrompted(page);
      1285 |     await expect(page.getByRole('button', { name: labelPattern(overrideLabel) }))
    > 1286 |       .toBeVisible({ timeout: appBootTimeoutMs });
           |        ^
      1287 |     await expect(page.getByRole('button', { name: labelPattern(buttonOnlyLabel) }))
      1288 |       .toBeVisible({ timeout: appBootTimeoutMs });
      1289 |
        at /home/elton/Dev/repos/belluga-ecosystem/belluga_now_docker/tools/flutter/web_app_tests/discovery_filters.spec.js:1286:8

    [31mTest timeout of 300000ms exceeded.[39m

    attachment #1: screenshot (image/png) ──────────────────────────────────────────────────────────
    test-results/discovery_filters--mutatio-9d38c-out-marker-override-visuals/test-failed-1.png
    ────────────────────────────────────────────────────────────────────────────────────────────────

    Error Context: test-results/discovery_filters--mutatio-9d38c-out-marker-override-visuals/error-context.md


[1A[2K(node:64178) Warning: The 'NO_COLOR' env is ignored due to the 'FORCE_COLOR' env being set.
(Use `node --trace-warnings ...` to show where the warning was created)


[1A[2K(node:64178) Warning: The 'NO_COLOR' env is ignored due to the 'FORCE_COLOR' env being set.
(Use `node --trace-warnings ...` to show where the warning was created)


[1A[2K[9/27] ../web_app_tests/discovery_filters.spec.js:1329:1 › @mutation Home filters honor Event Type taxonomy compatibility, hide zero-taxonomy rows, and keep selected icon foreground aligned with the label
[1A[2K[10/27] ../web_app_tests/discovery_filters.spec.js:1487:1 › @mutation Profile Discovery excludes non-favoritable types and keeps selected icon foreground aligned with the label
[1A[2K[11/27] ../web_app_tests/event_rich_text.mutation.spec.js:576:1 › @mutation tenant-admin event rich text persists and renders in public Sobre
[1A[2K[12/27] ../web_app_tests/event_share_boundary.spec.js:283:1 › @mutation T6-EVENT-SHARE anonymous web event invite preserves promotion boundary
[1A[2K[13/27] ../web_app_tests/invite_session_context.mutation.spec.js:594:1 › @mutation INVITE-SESSION-CONTEXT invite landing exposes dynamic share metadata
[1A[2K[14/27] ../web_app_tests/invite_session_context.mutation.spec.js:668:1 › @mutation INVITE-SESSION-CONTEXT Android direct invite and event links generate app intent handoff
[1A[2K[15/27] ../web_app_tests/navigation.mutation.event_occurrences.spec.js:2085:1 › @mutation NAV-ADM-LOC-01..06 admin occurrence programming location ownership matrix holds
[1A[2K../web_app_tests/navigation.mutation.event_occurrences.spec.js:2085:1 › @mutation NAV-ADM-LOC-01..06 admin occurrence programming location ownership matrix holds
[event-occurrences][admin] admin list response (initial): PW SR-D Occurrence 1780337875783 | PW Event Share Boundary Store Release | PW Invite Session Context Store Release | PW Event Share Boundary Store Release | PW Event Share Boundary Store Release

[1A[2K[event-occurrences][admin] admin list response (initial): PW SR-D Occurrence 1780337875783 | PW Event Share Boundary Store Release | PW Invite Session Context Store Release | PW Event Share Boundary Store Release | PW Event Share Boundary Store Release

[1A[2K[16/27] ../web_app_tests/navigation.mutation.event_occurrences.spec.js:2378:1 › @mutation tenant-admin event occurrence FAB persists second occurrence and public detail selects it
[1A[2K../web_app_tests/navigation.mutation.event_occurrences.spec.js:2378:1 › @mutation tenant-admin event occurrence FAB persists second occurrence and public detail selects it
[event-occurrences][admin] seeded event is visible in admin list API page 1

[1A[2K[event-occurrences][admin] open seeded event 6a1dcd23e7593387d508e33f

[1A[2K[event-occurrences][admin] admin list response (initial): PW SR-D Occurrence 1780337943624 | PW Event Share Boundary Store Release | PW Invite Session Context Store Release | PW Event Share Boundary Store Release | PW Event Share Boundary Store Release

[1A[2K[event-occurrences][admin] verify visible add occurrence affordance and open editor

[1A[2K[event-occurrences][admin] close second occurrence editor with event-level draft state

[1A[2K[event-occurrences][admin] submit event update with two occurrences

[1A[2K[event-occurrences][admin] reload admin list and reopen event to prove UI readback

[1A[2K[event-occurrences][admin] admin list response (initial): PW SR-D Occurrence 1780337943624 | PW Event Share Boundary Store Release | PW Invite Session Context Store Release | PW Event Share Boundary Store Release | PW Event Share Boundary Store Release

ERROR: web navigation smoke (mutation) exceeded deterministic deadline (1200s).
