Web navigation policy check passed (lane=dev, suite=readonly).
Listing tests:
  account_profile_detail.spec.js:627:1 › @readonly NAV-APD-01 Discovery profile detail back stack does not reopen stale detail
  account_profile_detail.spec.js:662:1 › @readonly NAV-APD-02..06 and NAV-APD-10 hero, taxonomy, tabs, social removal, and optional favorite empty state are visible
  account_profile_detail.spec.js:722:1 › @readonly NAV-APD-12 mobile breakpoint keeps title and taxonomy chips readable
  boora_font_runtime.spec.js:34:1 › @readonly BOORA-FONT-01 web runtime loads and draws BooraIcons glyphs
  deeplink_contract.spec.js:136:1 › @readonly landlord and tenant well-known endpoints are JSON and not SPA fallback
  deeplink_contract.spec.js:177:1 › @readonly landlord and tenant manifest endpoint is JSON and not SPA fallback
  deeplink_contract.spec.js:187:1 › @readonly landlord and tenant favicon endpoint is image and not SPA fallback
  deeplink_contract.spec.js:197:1 › @readonly tenant open-app generates Android handoff redirects for pre-Guard action targets
  deeplink_contract.spec.js:240:1 › @readonly tenant Android direct public links request open-app handoff redirects
  directions_brand_visual.spec.js:349:1 › @readonly NAV-DIR-BRAND-01 Waze and Uber brand controls render on shared directions surfaces
  map_entry_reentry.spec.js:110:1 › @readonly MAP-NAV-REENTRY-01 tenant home can reopen map after returning from a warm permission-gated entry
  map_full_width.spec.js:76:1 › @readonly MAP-WEB-WIDTH-01 tenant map route is full width while framed tenant routes remain constrained
  navigation.spec.js:198:1 › @readonly landlord domain bootstraps as landlord and navigates
  navigation.spec.js:243:1 › @readonly tenant domain bootstraps as tenant and navigates to tenant routes
  otp_auth_public.spec.js:59:1 › @readonly OTP-WEB-BOUNDARY-01 tenant-public web auth remains app promotion boundary
  taxonomy_display_snapshots.spec.js:545:1 › @readonly taxonomy display snapshots render labels instead of slugs on public runtime routes
Total: 16 tests in 9 files

Running 16 tests using 1 worker

[1A[2K(node:240829) Warning: The 'NO_COLOR' env is ignored due to the 'FORCE_COLOR' env being set.
(Use `node --trace-warnings ...` to show where the warning was created)


[1A[2K(node:240829) Warning: The 'NO_COLOR' env is ignored due to the 'FORCE_COLOR' env being set.
(Use `node --trace-warnings ...` to show where the warning was created)


[1A[2K[1/16] ../web_app_tests/account_profile_detail.spec.js:627:1 › @readonly NAV-APD-01 Discovery profile detail back stack does not reopen stale detail
[1A[2K[2/16] ../web_app_tests/account_profile_detail.spec.js:662:1 › @readonly NAV-APD-02..06 and NAV-APD-10 hero, taxonomy, tabs, social removal, and optional favorite empty state are visible
[1A[2K[3/16] ../web_app_tests/account_profile_detail.spec.js:722:1 › @readonly NAV-APD-12 mobile breakpoint keeps title and taxonomy chips readable
[1A[2K[4/16] ../web_app_tests/boora_font_runtime.spec.js:34:1 › @readonly BOORA-FONT-01 web runtime loads and draws BooraIcons glyphs
[1A[2K../web_app_tests/boora_font_runtime.spec.js:34:1 › @readonly BOORA-FONT-01 web runtime loads and draws BooraIcons glyphs
[boora-font] draw proof: {"booraInk":6167,"fallbackInk":2309,"differentPixels":6567}

[1A[2K[5/16] ../web_app_tests/deeplink_contract.spec.js:136:1 › @readonly landlord and tenant well-known endpoints are JSON and not SPA fallback
[1A[2K[6/16] ../web_app_tests/deeplink_contract.spec.js:177:1 › @readonly landlord and tenant manifest endpoint is JSON and not SPA fallback
[1A[2K[7/16] ../web_app_tests/deeplink_contract.spec.js:187:1 › @readonly landlord and tenant favicon endpoint is image and not SPA fallback
[1A[2K[8/16] ../web_app_tests/deeplink_contract.spec.js:197:1 › @readonly tenant open-app generates Android handoff redirects for pre-Guard action targets
[1A[2K[9/16] ../web_app_tests/deeplink_contract.spec.js:240:1 › @readonly tenant Android direct public links request open-app handoff redirects
[1A[2K[10/16] ../web_app_tests/directions_brand_visual.spec.js:349:1 › @readonly NAV-DIR-BRAND-01 Waze and Uber brand controls render on shared directions surfaces
[1A[2K[11/16] ../web_app_tests/map_entry_reentry.spec.js:110:1 › @readonly MAP-NAV-REENTRY-01 tenant home can reopen map after returning from a warm permission-gated entry
[1A[2K[12/16] ../web_app_tests/map_full_width.spec.js:76:1 › @readonly MAP-WEB-WIDTH-01 tenant map route is full width while framed tenant routes remain constrained
[1A[2K../web_app_tests/map_full_width.spec.js:76:1 › @readonly MAP-WEB-WIDTH-01 tenant map route is full width while framed tenant routes remain constrained
[map-width] runtime provenance: {"buildSha":"e29764f4","landlordHost":"belluga.space"}

[1A[2K[13/16] ../web_app_tests/navigation.spec.js:198:1 › @readonly landlord domain bootstraps as landlord and navigates
[1A[2K../web_app_tests/navigation.spec.js:198:1 › @readonly landlord domain bootstraps as landlord and navigates
[nav][landlord] landing href: https://belluga.space/

[1A[2K[nav][landlord:/admin] landing href: https://belluga.space/admin

[1A[2K[nav][landlord:/admin:reload] landing href: https://belluga.space/admin

[1A[2K[nav][landlord:/home] landing href: https://belluga.space/admin

[1A[2K[nav][landlord:/home:reload] landing href: https://belluga.space/admin

[1A[2K[nav][landlord:/landlord] landing href: https://belluga.space/admin

[1A[2K[nav][landlord:/landlord:reload] landing href: https://belluga.space/admin

[1A[2K[14/16] ../web_app_tests/navigation.spec.js:243:1 › @readonly tenant domain bootstraps as tenant and navigates to tenant routes
[1A[2K../web_app_tests/navigation.spec.js:243:1 › @readonly tenant domain bootstraps as tenant and navigates to tenant routes
[nav][tenant] landing href: https://guarappari.belluga.space/

[1A[2K[nav][tenant:/admin] landing href: https://guarappari.belluga.space/admin

[1A[2K[nav][tenant:/admin:reload] landing href: https://guarappari.belluga.space/admin

[1A[2K[nav][tenant:/home] landing href: https://guarappari.belluga.space/

[1A[2K[nav][tenant:/home:reload] landing href: https://guarappari.belluga.space/

[1A[2K[nav][tenant:/landlord] landing href: https://guarappari.belluga.space/

[1A[2K[nav][tenant:/landlord:reload] landing href: https://guarappari.belluga.space/

[1A[2K[nav][tenant:/workspace] landing href: https://guarappari.belluga.space/workspace

[1A[2K[nav][tenant:/workspace:reload] landing href: https://guarappari.belluga.space/workspace

[1A[2K[nav][tenant:/workspace/account-demo] landing href: https://guarappari.belluga.space/workspace/account-demo

[1A[2K[nav][tenant:/workspace/account-demo:reload] landing href: https://guarappari.belluga.space/workspace/account-demo

[1A[2K[15/16] ../web_app_tests/otp_auth_public.spec.js:59:1 › @readonly OTP-WEB-BOUNDARY-01 tenant-public web auth remains app promotion boundary
[1A[2K[16/16] ../web_app_tests/taxonomy_display_snapshots.spec.js:545:1 › @readonly taxonomy display snapshots render labels instead of slugs on public runtime routes
[1A[2K  16 passed (3.8m)
