Web navigation policy check passed (lane=dev, suite=mutation).
Listing tests:
  navigation.mutation.tenant_admin.spec.js:1018:1 › @mutation tenant-admin account-profile cover upload persists and renders after reload
  navigation.mutation.tenant_admin.spec.js:1154:1 › @mutation tenant-admin account-profile avatar upload persists and renders after reload
  navigation.mutation.tenant_admin.spec.js:1290:1 › @mutation tenant-admin account profile nested tabs obey profile type capability
  navigation.mutation.tenant_admin.spec.js:1423:1 › @mutation tenant-admin event type create flow works through the real browser
  navigation.mutation.tenant_admin.spec.js:1531:1 › @mutation tenant-admin event type type asset upload persists and renders after edit reopen
  navigation.mutation.tenant_admin.spec.js:1675:1 › @mutation tenant-admin branding public default image and favicon persist after save and reload
  navigation.mutation.tenant_admin.spec.js:1825:1 › @mutation tenant-admin profile-type editors preload and preserve allowed taxonomies when saving unrelated visual changes
  navigation.spec.js:319:1 › @mutation tenant agenda UI state matches tenant agenda API payload
  tenant_admin_profile_type_plural.mutation.spec.js:216:1 › @mutation T6-PLURAL tenant-admin account profile type edit persists plural label
Total: 9 tests in 3 files
Validated mutation shard "admin-final" selects 9 expected test(s).
- @mutation T6-PLURAL tenant-admin account profile type edit persists plural label
- @mutation tenant agenda UI state matches tenant agenda API payload
- @mutation tenant-admin account profile nested tabs obey profile type capability
- @mutation tenant-admin account-profile avatar upload persists and renders after reload
- @mutation tenant-admin account-profile cover upload persists and renders after reload
- @mutation tenant-admin branding public default image and favicon persist after save and reload
- @mutation tenant-admin event type create flow works through the real browser
- @mutation tenant-admin event type type asset upload persists and renders after edit reopen
- @mutation tenant-admin profile-type editors preload and preserve allowed taxonomies when saving unrelated visual changes

Running 9 tests using 1 worker

[1A[2K(node:242901) Warning: The 'NO_COLOR' env is ignored due to the 'FORCE_COLOR' env being set.
(Use `node --trace-warnings ...` to show where the warning was created)


[1A[2K(node:242901) Warning: The 'NO_COLOR' env is ignored due to the 'FORCE_COLOR' env being set.
(Use `node --trace-warnings ...` to show where the warning was created)


[1A[2K[1/9] ../web_app_tests/navigation.mutation.tenant_admin.spec.js:1018:1 › @mutation tenant-admin account-profile cover upload persists and renders after reload
[1A[2K../web_app_tests/navigation.mutation.tenant_admin.spec.js:1018:1 › @mutation tenant-admin account-profile cover upload persists and renders after reload
[tenant-admin][cover] open edit route https://guarappari.belluga.space/admin/accounts/playwright-cover-1780378373891/profiles/6a1e6b06aae52c30f30568ea/edit

[1A[2K[tenant-admin][cover] open image source sheet via Adicionar capa[0]

[1A[2K[tenant-admin][cover] attach fixture /tmp/belluga-navigation-fixture.png

[1A[2K[tenant-admin][cover] Recortar capa visible

[1A[2K[tenant-admin][cover] confirm crop and wait for autosave

[1A[2K[tenant-admin][cover] autosave returned https://guarappari.belluga.space/api/v1/media/account-profiles/6a1e6b06aae52c30f30568ea/cover?v=1780378392

[1A[2K[tenant-admin][cover] reload edit route to validate rendered persisted cover

[1A[2K[tenant-admin][cover] persisted cover returned 200 after reload

[1A[2K[2/9] ../web_app_tests/navigation.mutation.tenant_admin.spec.js:1154:1 › @mutation tenant-admin account-profile avatar upload persists and renders after reload
[1A[2K../web_app_tests/navigation.mutation.tenant_admin.spec.js:1154:1 › @mutation tenant-admin account-profile avatar upload persists and renders after reload
[tenant-admin][avatar] open edit route https://guarappari.belluga.space/admin/accounts/playwright-cover-1780378411107/profiles/6a1e6b2caae52c30f30568f1/edit

[1A[2K[tenant-admin][avatar] open image source sheet via Adicionar avatar[0]

[1A[2K[tenant-admin][avatar] attach fixture /tmp/belluga-navigation-fixture.png

[1A[2K[tenant-admin][avatar] Recortar avatar visible

[1A[2K[tenant-admin][avatar] confirm crop and wait for autosave

[1A[2K[tenant-admin][avatar] autosave returned https://guarappari.belluga.space/api/v1/media/account-profiles/6a1e6b2caae52c30f30568f1/avatar?v=1780378430

[1A[2K[tenant-admin][avatar] reload edit route to validate rendered persisted avatar

[1A[2K[tenant-admin][avatar] persisted avatar returned 200 after reload

[1A[2K[3/9] ../web_app_tests/navigation.mutation.tenant_admin.spec.js:1290:1 › @mutation tenant-admin account profile nested tabs obey profile type capability
[1A[2K[4/9] ../web_app_tests/navigation.mutation.tenant_admin.spec.js:1423:1 › @mutation tenant-admin event type create flow works through the real browser
[1A[2K../web_app_tests/navigation.mutation.tenant_admin.spec.js:1423:1 › @mutation tenant-admin event type create flow works through the real browser
[tenant-admin][event-type] open event types list

[1A[2K[tenant-admin][event-type] open create form

[1A[2K[tenant-admin][event-type] fill form playwrighttype1780378471317

[1A[2K[tenant-admin][event-type] submit create

[1A[2K[tenant-admin][event-type] created 6a1e6b75ea0fab2cf20c7871

[1A[2K[5/9] ../web_app_tests/navigation.mutation.tenant_admin.spec.js:1531:1 › @mutation tenant-admin event type type asset upload persists and renders after edit reopen
[1A[2K../web_app_tests/navigation.mutation.tenant_admin.spec.js:1531:1 › @mutation tenant-admin event type type asset upload persists and renders after edit reopen
[tenant-admin][event-type-asset] open event types list https://guarappari.belluga.space/admin/events/types

[1A[2K[tenant-admin][event-type-asset] open seeded row from list

[1A[2K[tenant-admin][event-type-asset] persisted type asset returned 200 after edit reopen

[1A[2K[6/9] ../web_app_tests/navigation.mutation.tenant_admin.spec.js:1675:1 › @mutation tenant-admin branding public default image and favicon persist after save and reload
[1A[2K../web_app_tests/navigation.mutation.tenant_admin.spec.js:1675:1 › @mutation tenant-admin branding public default image and favicon persist after save and reload
[tenant-admin][branding] open visual identity route https://guarappari.belluga.space/admin/settings/visual-identity

[1A[2K[tenant-admin][branding] open image source sheet via Selecionar imagem de compartilhamento[0]

[1A[2K[tenant-admin][branding] attach fixture /tmp/belluga-navigation-fixture.png

[1A[2K[tenant-admin][branding] Recortar imagem de compartilhamento visible

[1A[2K[tenant-admin][branding] confirm public default image crop

[1A[2K[tenant-admin][branding] scroll to favicon field

[1A[2K[tenant-admin][branding] open image source sheet via /favicon/i[0]

[1A[2K[tenant-admin][branding] attach fixture /home/elton/Dev/repos/belluga-ecosystem/belluga_now_docker/laravel-app/tests/Assets/tenant_1.ico

[1A[2K[tenant-admin][branding] save branding payload

[1A[2K[tenant-admin][branding] reload visual identity route to validate rendered persisted assets

[1A[2K[tenant-admin][branding] persisted default image and favicon returned 200 after reload

[1A[2K[7/9] ../web_app_tests/navigation.mutation.tenant_admin.spec.js:1825:1 › @mutation tenant-admin profile-type editors preload and preserve allowed taxonomies when saving unrelated visual changes
[1A[2K../web_app_tests/navigation.mutation.tenant_admin.spec.js:1825:1 › @mutation tenant-admin profile-type editors preload and preserve allowed taxonomies when saving unrelated visual changes
[tenant-admin][type-taxonomies] open event types route https://guarappari.belluga.space/admin/events/types

[1A[2K[tenant-admin][type-taxonomies] open created event type from list

[1A[2K[tenant-admin][type-taxonomies] event type preloaded allowed taxonomies confirmed

[1A[2K[tenant-admin][type-taxonomies] save event type with unrelated description change

[1A[2K[tenant-admin][type-taxonomies] visible buttons before event save: Fechar | Modo visual
Ícone | Selecionar ícone | Selecionar cor | Selecionar cor | Selecionar cor | Selecionar cor | Salvar alterações

[1A[2K[tenant-admin][type-taxonomies] click event type save button

[1A[2K[tenant-admin][type-taxonomies] event type save button clicked

[1A[2K[tenant-admin][type-taxonomies] event type save preserved allowed taxonomies

[1A[2K[tenant-admin][type-taxonomies] reopen event type from list

[1A[2K[tenant-admin][type-taxonomies] event type reopen preserved allowed taxonomies

[1A[2K[tenant-admin][type-taxonomies] open account profile type route https://guarappari.belluga.space/admin/profile-types/hd13-profile-1780378538587/edit

[1A[2K[tenant-admin][type-taxonomies] profile type preloaded allowed taxonomies confirmed

[1A[2K[tenant-admin][type-taxonomies] save profile type with unrelated label change

[1A[2K[tenant-admin][type-taxonomies] click profile type save button

[1A[2K[tenant-admin][type-taxonomies] profile type save button clicked

[1A[2K[tenant-admin][type-taxonomies] profile type save preserved allowed taxonomies

[1A[2K[tenant-admin][type-taxonomies] profile type reopen preserved allowed taxonomies

[1A[2K[tenant-admin][type-taxonomies] open static profile type route https://guarappari.belluga.space/admin/static_profile_types/hd13-static-1780378538587/edit

[1A[2K[tenant-admin][type-taxonomies] static type preloaded allowed taxonomies confirmed

[1A[2K[tenant-admin][type-taxonomies] save static type with unrelated label change

[1A[2K[tenant-admin][type-taxonomies] click static type save button

[1A[2K[tenant-admin][type-taxonomies] static type save button clicked

[1A[2K[tenant-admin][type-taxonomies] static type save preserved allowed taxonomies

[1A[2K[8/9] ../web_app_tests/navigation.spec.js:319:1 › @mutation tenant agenda UI state matches tenant agenda API payload
[1A[2K[9/9] ../web_app_tests/tenant_admin_profile_type_plural.mutation.spec.js:216:1 › @mutation T6-PLURAL tenant-admin account profile type edit persists plural label
[1A[2K  9 passed (5.0m)
